#-----------------------------------------------------------
# Vivado v2020.2 (64-bit)
# SW Build 3064766 on Wed Nov 18 09:12:45 MST 2020
# IP Build 3064653 on Wed Nov 18 14:17:31 MST 2020
# Start of session at: Mon Sep 25 22:50:47 2023
# Process ID: 26504
# Current directory: C:/Users/Abyss/Desktop/lab1/lab1_sk3
# Command line: vivado.exe -gui_launcher_event rodinguilauncherevent3012 C:\Users\Abyss\Desktop\lab1\lab1_sk3\lab1_sk3.xpr
# Log file: C:/Users/Abyss/Desktop/lab1/lab1_sk3/vivado.log
# Journal file: C:/Users/Abyss/Desktop/lab1/lab1_sk3\vivado.jou
#-----------------------------------------------------------
start_gui
open_project C:/Users/Abyss/Desktop/lab1/lab1_sk3/lab1_sk3.xpr
INFO: [Project 1-313] Project file moved from 'C:/Users/Abyss/Desktop/vivado/lab1_sk3' since last save.
WARNING: [filemgmt 56-2] Default IP Output Path : Could not find the directory 'C:/Users/Abyss/Desktop/lab1/lab1_sk3/lab1_sk3.gen/sources_1', nor could it be found using path 'C:/Users/Abyss/Desktop/vivado/lab1_sk3/lab1_sk3.gen/sources_1'.
Scanning sources...
Finished scanning sources
INFO: [IP_Flow 19-234] Refreshing IP repositories
INFO: [IP_Flow 19-1704] No user IP repositories specified
INFO: [IP_Flow 19-2313] Loaded Vivado IP repository 'D:/Vivado/2020.2/data/ip'.
update_compile_order -fileset sources_1
exit
INFO: [Common 17-206] Exiting Vivado at Mon Sep 25 23:55:14 2023...
