Copyright 1986-2020 Xilinx, Inc. All Rights Reserved.
--------------------------------------------------------------------------------------------------------------------------------------------------------------------------
| Tool Version : Vivado v.2020.2 (win64) Build 3064766 Wed Nov 18 09:12:45 MST 2020
| Date         : Sun Oct  1 19:00:56 2023
| Host         : LAPTOP-83S8MCUQ running 64-bit major release  (build 9200)
| Command      : report_methodology -file encryption6b_methodology_drc_routed.rpt -pb encryption6b_methodology_drc_routed.pb -rpx encryption6b_methodology_drc_routed.rpx
| Design       : encryption6b
| Device       : xc7a100tcsg324-3
| Speed File   : -3
| Design State : Fully Routed
--------------------------------------------------------------------------------------------------------------------------------------------------------------------------

Report Methodology

Table of Contents
-----------------
1. REPORT SUMMARY
2. REPORT DETAILS

1. REPORT SUMMARY
-----------------
            Netlist: netlist
          Floorplan: design_1
      Design limits: <entire design considered>
             Max violations: <unlimited>
             Violations found: 16
+-----------+----------+-------------------------------+------------+
| Rule      | Severity | Description                   | Violations |
+-----------+----------+-------------------------------+------------+
| TIMING-18 | Warning  | Missing input or output delay | 16         |
+-----------+----------+-------------------------------+------------+

2. REPORT DETAILS
-----------------
TIMING-18#1 Warning
Missing input or output delay  
An input delay is missing on load relative to clock(s) tst
Related violations: <none>

TIMING-18#2 Warning
Missing input or output delay  
An output delay is missing on dataout[0] relative to clock(s) tst
Related violations: <none>

TIMING-18#3 Warning
Missing input or output delay  
An output delay is missing on dataout[1] relative to clock(s) tst
Related violations: <none>

TIMING-18#4 Warning
Missing input or output delay  
An output delay is missing on dataout[2] relative to clock(s) tst
Related violations: <none>

TIMING-18#5 Warning
Missing input or output delay  
An output delay is missing on dataout[3] relative to clock(s) tst
Related violations: <none>

TIMING-18#6 Warning
Missing input or output delay  
An output delay is missing on dataout[4] relative to clock(s) tst
Related violations: <none>

TIMING-18#7 Warning
Missing input or output delay  
An output delay is missing on dataout[5] relative to clock(s) tst
Related violations: <none>

TIMING-18#8 Warning
Missing input or output delay  
An output delay is missing on dataout[6] relative to clock(s) tst
Related violations: <none>

TIMING-18#9 Warning
Missing input or output delay  
An output delay is missing on dataout[7] relative to clock(s) tst
Related violations: <none>

TIMING-18#10 Warning
Missing input or output delay  
An output delay is missing on key[0] relative to clock(s) tst
Related violations: <none>

TIMING-18#11 Warning
Missing input or output delay  
An output delay is missing on key[1] relative to clock(s) tst
Related violations: <none>

TIMING-18#12 Warning
Missing input or output delay  
An output delay is missing on key[2] relative to clock(s) tst
Related violations: <none>

TIMING-18#13 Warning
Missing input or output delay  
An output delay is missing on key[3] relative to clock(s) tst
Related violations: <none>

TIMING-18#14 Warning
Missing input or output delay  
An output delay is missing on key[4] relative to clock(s) tst
Related violations: <none>

TIMING-18#15 Warning
Missing input or output delay  
An output delay is missing on key[5] relative to clock(s) tst
Related violations: <none>

TIMING-18#16 Warning
Missing input or output delay  
An output delay is missing on ready relative to clock(s) tst
Related violations: <none>


