#-----------------------------------------------------------
# Vivado v2020.2 (64-bit)
# SW Build 3064766 on Wed Nov 18 09:12:45 MST 2020
# IP Build 3064653 on Wed Nov 18 14:17:31 MST 2020
# Start of session at: Sun Sep 24 22:06:58 2023
# Process ID: 9816
# Current directory: C:/Users/Abyss/Desktop/vivado/lab1-3
# Command line: vivado.exe -gui_launcher_event rodinguilauncherevent11364 C:\Users\Abyss\Desktop\vivado\lab1-3\lab1-3.xpr
# Log file: C:/Users/Abyss/Desktop/vivado/lab1-3/vivado.log
# Journal file: C:/Users/Abyss/Desktop/vivado/lab1-3\vivado.jou
#-----------------------------------------------------------
start_gui
open_project C:/Users/Abyss/Desktop/vivado/lab1-3/lab1-3.xpr
WARNING: [filemgmt 56-3] Default IP Output Path : Could not find the directory 'C:/Users/Abyss/Desktop/vivado/lab1-3/lab1-3.gen/sources_1'.
Scanning sources...
Finished scanning sources
INFO: [IP_Flow 19-234] Refreshing IP repositories
INFO: [IP_Flow 19-1704] No user IP repositories specified
INFO: [IP_Flow 19-2313] Loaded Vivado IP repository 'D:/Vivado/2020.2/data/ip'.
update_compile_order -fileset sources_1
update_files -from_files {{C:/Users/Abyss/Desktop/lab1 _/lab1/hamming7check.v}} -to_files C:/Users/Abyss/Desktop/lab1/lab1/hamming7check.v -filesets [get_filesets *]
INFO: [filemgmt 20-762] Replacing file 'C:/Users/Abyss/Desktop/lab1/lab1/hamming7check.v' with file 'C:/Users/Abyss/Desktop/lab1 _/lab1/hamming7check.v'.
reset_run synth_1
launch_runs impl_1 -to_step write_bitstream -jobs 10
[Sun Sep 24 22:07:31 2023] Launched synth_1...
Run output will be captured here: C:/Users/Abyss/Desktop/vivado/lab1-3/lab1-3.runs/synth_1/runme.log
[Sun Sep 24 22:07:31 2023] Launched impl_1...
Run output will be captured here: C:/Users/Abyss/Desktop/vivado/lab1-3/lab1-3.runs/impl_1/runme.log
open_hw_manager
connect_hw_server -allow_non_jtag
INFO: [Labtools 27-2285] Connecting to hw_server url TCP:localhost:3121
INFO: [Labtools 27-2222] Launching hw_server...
INFO: [Labtools 27-2221] Launch Output:

****** Xilinx hw_server v2020.2
  **** Build date : Nov 18 2020 at 10:01:48
    ** Copyright 1986-2020 Xilinx, Inc. All Rights Reserved.


INFO: [Labtools 27-3415] Connecting to cs_server url TCP:localhost:3042
INFO: [Labtools 27-3417] Launching cs_server...
INFO: [Labtools 27-2221] Launch Output:


******** Xilinx cs_server v2020.2
  ****** Build date   : Nov 04 2020-05:02:56
    **** Build number : 2020.2.1604437376
      ** Copyright 2017-2020 Xilinx, Inc. All Rights Reserved.



connect_hw_server: Time (s): cpu = 00:00:00 ; elapsed = 00:00:07 . Memory (MB): peak = 1017.496 ; gain = 0.000
open_hw_target
INFO: [Labtoolstcl 44-466] Opening hw_target localhost:3121/xilinx_tcf/Digilent/210292744242A
current_hw_device [get_hw_devices xc7a100t_0]
refresh_hw_device -update_hw_probes false [lindex [get_hw_devices xc7a100t_0] 0]
INFO: [Labtools 27-1434] Device xc7a100t (JTAG device index = 0) is programmed with a design that has no supported debug core(s) in it.
close_hw_manager
reset_run impl_1 -prev_step 
launch_runs impl_1 -to_step write_bitstream -jobs 10 -scripts_only
exit
INFO: [Common 17-206] Exiting Vivado at Sun Sep 24 22:16:38 2023...
