#-----------------------------------------------------------
# Vivado v2020.2 (64-bit)
# SW Build 3064766 on Wed Nov 18 09:12:45 MST 2020
# IP Build 3064653 on Wed Nov 18 14:17:31 MST 2020
# Start of session at: Sun Sep 24 21:03:12 2023
# Process ID: 9900
# Current directory: C:/Users/Abyss/Desktop/vivado/lab1-3
# Command line: vivado.exe -gui_launcher_event rodinguilauncherevent8128 C:\Users\Abyss\Desktop\vivado\lab1-3\lab1-3.xpr
# Log file: C:/Users/Abyss/Desktop/vivado/lab1-3/vivado.log
# Journal file: C:/Users/Abyss/Desktop/vivado/lab1-3\vivado.jou
#-----------------------------------------------------------
start_gui
open_project C:/Users/Abyss/Desktop/vivado/lab1-3/lab1-3.xpr
WARNING: [filemgmt 56-3] Default IP Output Path : Could not find the directory 'C:/Users/Abyss/Desktop/vivado/lab1-3/lab1-3.gen/sources_1'.
Scanning sources...
Finished scanning sources
INFO: [IP_Flow 19-234] Refreshing IP repositories
INFO: [IP_Flow 19-1704] No user IP repositories specified
INFO: [IP_Flow 19-2313] Loaded Vivado IP repository 'D:/Vivado/2020.2/data/ip'.
update_compile_order -fileset sources_1
launch_simulation
Command: launch_simulation 
INFO: [Vivado 12-5682] Launching behavioral simulation in 'C:/Users/Abyss/Desktop/vivado/lab1-3/lab1-3.sim/sim_1/behav/xsim'
INFO: [SIM-utils-51] Simulation object is 'sim_1'
INFO: [SIM-utils-54] Inspecting design source files for 'hamming7check_tb' in fileset 'sim_1'...
INFO: [USF-XSim-97] Finding global include files...
INFO: [USF-XSim-98] Fetching design files from 'sim_1'...
INFO: [USF-XSim-2] XSim::Compile design
INFO: [USF-XSim-61] Executing 'COMPILE and ANALYZE' step in 'C:/Users/Abyss/Desktop/vivado/lab1-3/lab1-3.sim/sim_1/behav/xsim'
"xvlog --incr --relax -prj hamming7check_tb_vlog.prj"
INFO: [VRFC 10-2263] Analyzing Verilog file "C:/Users/Abyss/Desktop/lab1/lab1/hamming7check.v" into library xil_defaultlib
INFO: [VRFC 10-311] analyzing module hamming7check
INFO: [VRFC 10-2263] Analyzing Verilog file "C:/Users/Abyss/Desktop/lab1/lab1/hamming7check_tb.v" into library xil_defaultlib
INFO: [VRFC 10-311] analyzing module hamming7check_tb
INFO: [VRFC 10-2263] Analyzing Verilog file "C:/Users/Abyss/Desktop/vivado/lab1-3/lab1-3.sim/sim_1/behav/xsim/glbl.v" into library xil_defaultlib
INFO: [VRFC 10-311] analyzing module glbl
INFO: [USF-XSim-69] 'compile' step finished in '1' seconds
INFO: [USF-XSim-3] XSim::Elaborate design
INFO: [USF-XSim-61] Executing 'ELABORATE' step in 'C:/Users/Abyss/Desktop/vivado/lab1-3/lab1-3.sim/sim_1/behav/xsim'
"xelab -wto c44c30052ff54bafa258bcddd917ea09 --incr --debug typical --relax --mt 2 -L xil_defaultlib -L unisims_ver -L unimacro_ver -L secureip --snapshot hamming7check_tb_behav xil_defaultlib.hamming7check_tb xil_defaultlib.glbl -log elaborate.log"
Vivado Simulator 2020.2
Copyright 1986-1999, 2001-2020 Xilinx, Inc. All Rights Reserved.
Running: D:/Vivado/2020.2/bin/unwrapped/win64.o/xelab.exe -wto c44c30052ff54bafa258bcddd917ea09 --incr --debug typical --relax --mt 2 -L xil_defaultlib -L unisims_ver -L unimacro_ver -L secureip --snapshot hamming7check_tb_behav xil_defaultlib.hamming7check_tb xil_defaultlib.glbl -log elaborate.log 
Using 2 slave threads.
Starting static elaboration
Pass Through NonSizing Optimizer
Completed static elaboration
Starting simulation data flow analysis
Completed simulation data flow analysis
Time Resolution for simulation is 1ps
Compiling module xil_defaultlib.hamming7check
Compiling module xil_defaultlib.hamming7check_tb
Compiling module xil_defaultlib.glbl
Built simulation snapshot hamming7check_tb_behav

****** Webtalk v2020.2 (64-bit)
  **** SW Build 3064766 on Wed Nov 18 09:12:45 MST 2020
  **** IP Build 3064653 on Wed Nov 18 14:17:31 MST 2020
    ** Copyright 1986-2020 Xilinx, Inc. All Rights Reserved.

source C:/Users/Abyss/Desktop/vivado/lab1-3/lab1-3.sim/sim_1/behav/xsim/xsim.dir/hamming7check_tb_behav/webtalk/xsim_webtalk.tcl -notrace
INFO: [Common 17-206] Exiting Webtalk at Sun Sep 24 21:05:58 2023...
INFO: [USF-XSim-69] 'elaborate' step finished in '2' seconds
INFO: [USF-XSim-4] XSim::Simulate design
INFO: [USF-XSim-61] Executing 'SIMULATE' step in 'C:/Users/Abyss/Desktop/vivado/lab1-3/lab1-3.sim/sim_1/behav/xsim'
INFO: [USF-XSim-98] *** Running xsim
   with args "hamming7check_tb_behav -key {Behavioral:sim_1:Functional:hamming7check_tb} -tclbatch {hamming7check_tb.tcl} -log {simulate.log}"
INFO: [USF-XSim-8] Loading simulator feature
Vivado Simulator 2020.2
Time resolution is 1 ps
source hamming7check_tb.tcl
# set curr_wave [current_wave_config]
# if { [string length $curr_wave] == 0 } {
#   if { [llength [get_objects]] > 0} {
#     add_wave /
#     set_property needs_save false [current_wave_config]
#   } else {
#      send_msg_id Add_Wave-1 WARNING "No top level signals found. Simulator will start without a wave window. If you want to open a wave window go to 'File->New Waveform Configuration' or type 'create_wave_config' in the TCL console."
#   }
# }
# run 1000ns
Test completed, 0 errors
$stop called at time : 256 ns : File "C:/Users/Abyss/Desktop/lab1/lab1/hamming7check_tb.v" Line 54
INFO: [USF-XSim-96] XSim completed. Design snapshot 'hamming7check_tb_behav' loaded.
INFO: [USF-XSim-97] XSim simulation ran for 1000ns
launch_simulation: Time (s): cpu = 00:00:02 ; elapsed = 00:00:06 . Memory (MB): peak = 1017.309 ; gain = 0.000
open_hw_manager
connect_hw_server -allow_non_jtag
INFO: [Labtools 27-2285] Connecting to hw_server url TCP:localhost:3121
INFO: [Labtools 27-3415] Connecting to cs_server url TCP:localhost:3042
INFO: [Labtools 27-3414] Connected to existing cs_server.
open_hw_target
INFO: [Labtoolstcl 44-466] Opening hw_target localhost:3121/xilinx_tcf/Digilent/210292744242A
current_hw_device [get_hw_devices xc7a100t_0]
refresh_hw_device -update_hw_probes false [lindex [get_hw_devices xc7a100t_0] 0]
INFO: [Labtools 27-1434] Device xc7a100t (JTAG device index = 0) is programmed with a design that has no supported debug core(s) in it.
launch_runs impl_1 -to_step write_bitstream -jobs 10
[Sun Sep 24 22:05:20 2023] Launched synth_1...
Run output will be captured here: C:/Users/Abyss/Desktop/vivado/lab1-3/lab1-3.runs/synth_1/runme.log
[Sun Sep 24 22:05:20 2023] Launched impl_1...
Run output will be captured here: C:/Users/Abyss/Desktop/vivado/lab1-3/lab1-3.runs/impl_1/runme.log
close_sim
INFO: [Simtcl 6-16] Simulation closed
exit
INFO: [Common 17-206] Exiting Vivado at Sun Sep 24 22:06:46 2023...
