#-----------------------------------------------------------
# Vivado v2020.2 (64-bit)
# SW Build 3064766 on Wed Nov 18 09:12:45 MST 2020
# IP Build 3064653 on Wed Nov 18 14:17:31 MST 2020
# Start of session at: Sun Sep 24 18:49:12 2023
# Process ID: 13972
# Current directory: C:/Users/Abyss/Desktop/vivado/lab1-2
# Command line: vivado.exe -gui_launcher_event rodinguilauncherevent10640 C:\Users\Abyss\Desktop\vivado\lab1-2\lab1-2.xpr
# Log file: C:/Users/Abyss/Desktop/vivado/lab1-2/vivado.log
# Journal file: C:/Users/Abyss/Desktop/vivado/lab1-2\vivado.jou
#-----------------------------------------------------------
start_gui
open_project C:/Users/Abyss/Desktop/vivado/lab1-2/lab1-2.xpr
WARNING: [filemgmt 56-3] Default IP Output Path : Could not find the directory 'C:/Users/Abyss/Desktop/vivado/lab1-2/lab1-2.gen/sources_1'.
Scanning sources...
Finished scanning sources
INFO: [IP_Flow 19-234] Refreshing IP repositories
INFO: [IP_Flow 19-1704] No user IP repositories specified
INFO: [IP_Flow 19-2313] Loaded Vivado IP repository 'D:/Vivado/2020.2/data/ip'.
update_compile_order -fileset sources_1
exit
INFO: [Common 17-206] Exiting Vivado at Sun Sep 24 19:26:16 2023...
