#-----------------------------------------------------------
# Vivado v2020.2 (64-bit)
# SW Build 3064766 on Wed Nov 18 09:12:45 MST 2020
# IP Build 3064653 on Wed Nov 18 14:17:31 MST 2020
# Start of session at: Sun Oct  1 18:53:25 2023
# Process ID: 14000
# Current directory: C:/Users/Abyss/Desktop/221220039周浍平lab2/lab2_2
# Command line: vivado.exe -gui_launcher_event rodinguilauncherevent20076 C:\Users\Abyss\Desktop\221220039周浍平lab2\lab2_2\lab2_2.xpr
# Log file: C:/Users/Abyss/Desktop/221220039周浍平lab2/lab2_2/vivado.log
# Journal file: C:/Users/Abyss/Desktop/221220039周浍平lab2/lab2_2\vivado.jou
#-----------------------------------------------------------
start_gui
open_project C:/Users/Abyss/Desktop/221220039周浍平lab2/lab2_2/lab2_2.xpr
INFO: [Project 1-313] Project file moved from 'C:/Users/Abyss/Desktop/lab2/lab2_2' since last save.
WARNING: [filemgmt 56-2] Default IP Output Path : Could not find the directory 'C:/Users/Abyss/Desktop/221220039周浍平lab2/lab2_2/lab2_2.gen/sources_1', nor could it be found using path 'C:/Users/Abyss/Desktop/lab2/lab2_2/lab2_2.gen/sources_1'.
Scanning sources...
Finished scanning sources
INFO: [IP_Flow 19-234] Refreshing IP repositories
INFO: [IP_Flow 19-1704] No user IP repositories specified
INFO: [IP_Flow 19-2313] Loaded Vivado IP repository 'D:/Vivado/2020.2/data/ip'.
update_compile_order -fileset sources_1
reset_run synth_1
launch_runs impl_1 -to_step write_bitstream -jobs 20
[Sun Oct  1 18:53:48 2023] Launched synth_1...
Run output will be captured here: C:/Users/Abyss/Desktop/221220039周浍平lab2/lab2_2/lab2_2.runs/synth_1/runme.log
[Sun Oct  1 18:53:48 2023] Launched impl_1...
Run output will be captured here: C:/Users/Abyss/Desktop/221220039周浍平lab2/lab2_2/lab2_2.runs/impl_1/runme.log
reset_run synth_1
launch_runs synth_1 -jobs 20
[Sun Oct  1 18:55:56 2023] Launched synth_1...
Run output will be captured here: C:/Users/Abyss/Desktop/221220039周浍平lab2/lab2_2/lab2_2.runs/synth_1/runme.log
exit
INFO: [Common 17-206] Exiting Vivado at Sun Oct  1 18:58:36 2023...
