#-----------------------------------------------------------
# Vivado v2020.2 (64-bit)
# SW Build 3064766 on Wed Nov 18 09:12:45 MST 2020
# IP Build 3064653 on Wed Nov 18 14:17:31 MST 2020
# Start of session at: Mon Sep 25 16:57:55 2023
# Process ID: 20548
# Current directory: C:/Users/Abyss/Desktop/lab2/lab2_2
# Command line: vivado.exe -gui_launcher_event rodinguilauncherevent10636 C:\Users\Abyss\Desktop\lab2\lab2_2\lab2_2.xpr
# Log file: C:/Users/Abyss/Desktop/lab2/lab2_2/vivado.log
# Journal file: C:/Users/Abyss/Desktop/lab2/lab2_2\vivado.jou
#-----------------------------------------------------------
start_gui
open_project C:/Users/Abyss/Desktop/lab2/lab2_2/lab2_2.xpr
WARNING: [filemgmt 56-3] Default IP Output Path : Could not find the directory 'C:/Users/Abyss/Desktop/lab2/lab2_2/lab2_2.gen/sources_1'.
Scanning sources...
Finished scanning sources
INFO: [IP_Flow 19-234] Refreshing IP repositories
INFO: [IP_Flow 19-1704] No user IP repositories specified
INFO: [IP_Flow 19-2313] Loaded Vivado IP repository 'D:/Vivado/2020.2/data/ip'.
launch_simulation
Command: launch_simulation 
INFO: [Vivado 12-5682] Launching behavioral simulation in 'C:/Users/Abyss/Desktop/lab2/lab2_2/lab2_2.sim/sim_1/behav/xsim'
INFO: [SIM-utils-51] Simulation object is 'sim_1'
INFO: [SIM-utils-54] Inspecting design source files for 'encryption6b_tb' in fileset 'sim_1'...
INFO: [USF-XSim-97] Finding global include files...
INFO: [USF-XSim-98] Fetching design files from 'sim_1'...
INFO: [USF-XSim-2] XSim::Compile design
INFO: [USF-XSim-61] Executing 'COMPILE and ANALYZE' step in 'C:/Users/Abyss/Desktop/lab2/lab2_2/lab2_2.sim/sim_1/behav/xsim'
"xvlog --incr --relax -prj encryption6b_tb_vlog.prj"
INFO: [VRFC 10-2263] Analyzing Verilog file "C:/Users/Abyss/Desktop/lab2/encryption6b.v" into library xil_defaultlib
INFO: [VRFC 10-311] analyzing module encryption6b
INFO: [VRFC 10-2458] undeclared symbol lfsr_output, assumed default net type wire [C:/Users/Abyss/Desktop/lab2/encryption6b.v:35]
ERROR: [VRFC 10-3186] cannot index into non-array type wire for 'lfsr_output' [C:/Users/Abyss/Desktop/lab2/encryption6b.v:56]
ERROR: [VRFC 10-2865] module 'encryption6b' ignored due to previous errors [C:/Users/Abyss/Desktop/lab2/encryption6b.v:23]
INFO: [VRFC 10-311] analyzing module lfsr
ERROR: [VRFC 10-3236] concurrent assignment to a non-net 'dout' is not permitted [C:/Users/Abyss/Desktop/lab2/encryption6b.v:79]
ERROR: [VRFC 10-2865] module 'lfsr' ignored due to previous errors [C:/Users/Abyss/Desktop/lab2/encryption6b.v:61]
INFO: [USF-XSim-69] 'compile' step finished in '1' seconds
INFO: [USF-XSim-99] Step results log file:'C:/Users/Abyss/Desktop/lab2/lab2_2/lab2_2.sim/sim_1/behav/xsim/xvlog.log'
ERROR: [USF-XSim-62] 'compile' step failed with error(s). Please check the Tcl console output or 'C:/Users/Abyss/Desktop/lab2/lab2_2/lab2_2.sim/sim_1/behav/xsim/xvlog.log' file for more information.
ERROR: [Vivado 12-4473] Detected error while running simulation. Please correct the issue and retry this operation.
ERROR: [Common 17-39] 'launch_simulation' failed due to earlier errors.
update_compile_order -fileset sources_1
launch_simulation
Command: launch_simulation 
INFO: [Vivado 12-5682] Launching behavioral simulation in 'C:/Users/Abyss/Desktop/lab2/lab2_2/lab2_2.sim/sim_1/behav/xsim'
INFO: [SIM-utils-51] Simulation object is 'sim_1'
INFO: [SIM-utils-54] Inspecting design source files for 'encryption6b_tb' in fileset 'sim_1'...
INFO: [USF-XSim-97] Finding global include files...
INFO: [USF-XSim-98] Fetching design files from 'sim_1'...
INFO: [USF-XSim-2] XSim::Compile design
INFO: [USF-XSim-61] Executing 'COMPILE and ANALYZE' step in 'C:/Users/Abyss/Desktop/lab2/lab2_2/lab2_2.sim/sim_1/behav/xsim'
"xvlog --incr --relax -prj encryption6b_tb_vlog.prj"
INFO: [VRFC 10-2263] Analyzing Verilog file "C:/Users/Abyss/Desktop/lab2/encryption6b.v" into library xil_defaultlib
INFO: [VRFC 10-311] analyzing module encryption6b
INFO: [VRFC 10-311] analyzing module lfsr
INFO: [VRFC 10-2263] Analyzing Verilog file "C:/Users/Abyss/Desktop/lab2/encryption6b_tb.v" into library xil_defaultlib
INFO: [VRFC 10-311] analyzing module encryption6b_tb
INFO: [VRFC 10-2263] Analyzing Verilog file "C:/Users/Abyss/Desktop/lab2/lab2_2/lab2_2.sim/sim_1/behav/xsim/glbl.v" into library xil_defaultlib
INFO: [VRFC 10-311] analyzing module glbl
INFO: [USF-XSim-69] 'compile' step finished in '1' seconds
INFO: [USF-XSim-3] XSim::Elaborate design
INFO: [USF-XSim-61] Executing 'ELABORATE' step in 'C:/Users/Abyss/Desktop/lab2/lab2_2/lab2_2.sim/sim_1/behav/xsim'
"xelab -wto 4cd06d8a9a724ed3a3e4ac19b62d86db --incr --debug typical --relax --mt 2 -L xil_defaultlib -L unisims_ver -L unimacro_ver -L secureip --snapshot encryption6b_tb_behav xil_defaultlib.encryption6b_tb xil_defaultlib.glbl -log elaborate.log"
Vivado Simulator 2020.2
Copyright 1986-1999, 2001-2020 Xilinx, Inc. All Rights Reserved.
Running: D:/Vivado/2020.2/bin/unwrapped/win64.o/xelab.exe -wto 4cd06d8a9a724ed3a3e4ac19b62d86db --incr --debug typical --relax --mt 2 -L xil_defaultlib -L unisims_ver -L unimacro_ver -L secureip --snapshot encryption6b_tb_behav xil_defaultlib.encryption6b_tb xil_defaultlib.glbl -log elaborate.log 
Using 2 slave threads.
Starting static elaboration
Pass Through NonSizing Optimizer
Completed static elaboration
Starting simulation data flow analysis
Completed simulation data flow analysis
Time Resolution for simulation is 1ps
Compiling module xil_defaultlib.lfsr
Compiling module xil_defaultlib.encryption6b
Compiling module xil_defaultlib.encryption6b_tb
Compiling module xil_defaultlib.glbl
Built simulation snapshot encryption6b_tb_behav

****** Webtalk v2020.2 (64-bit)
  **** SW Build 3064766 on Wed Nov 18 09:12:45 MST 2020
  **** IP Build 3064653 on Wed Nov 18 14:17:31 MST 2020
    ** Copyright 1986-2020 Xilinx, Inc. All Rights Reserved.

source C:/Users/Abyss/Desktop/lab2/lab2_2/lab2_2.sim/sim_1/behav/xsim/xsim.dir/encryption6b_tb_behav/webtalk/xsim_webtalk.tcl -notrace
INFO: [Common 17-206] Exiting Webtalk at Mon Sep 25 17:03:46 2023...
INFO: [USF-XSim-69] 'elaborate' step finished in '3' seconds
INFO: [USF-XSim-4] XSim::Simulate design
INFO: [USF-XSim-61] Executing 'SIMULATE' step in 'C:/Users/Abyss/Desktop/lab2/lab2_2/lab2_2.sim/sim_1/behav/xsim'
INFO: [USF-XSim-98] *** Running xsim
   with args "encryption6b_tb_behav -key {Behavioral:sim_1:Functional:encryption6b_tb} -tclbatch {encryption6b_tb.tcl} -log {simulate.log}"
INFO: [USF-XSim-8] Loading simulator feature
Vivado Simulator 2020.2
Time resolution is 1 ps
source encryption6b_tb.tcl
# set curr_wave [current_wave_config]
# if { [string length $curr_wave] == 0 } {
#   if { [llength [get_objects]] > 0} {
#     add_wave /
#     set_property needs_save false [current_wave_config]
#   } else {
#      send_msg_id Add_Wave-1 WARNING "No top level signals found. Simulator will start without a wave window. If you want to open a wave window go to 'File->New Waveform Configuration' or type 'create_wave_config' in the TCL console."
#   }
# }
# run 1000ns
$stop called at time : 140 ns : File "C:/Users/Abyss/Desktop/lab2/encryption6b_tb.v" Line 45
INFO: [USF-XSim-96] XSim completed. Design snapshot 'encryption6b_tb_behav' loaded.
INFO: [USF-XSim-97] XSim simulation ran for 1000ns
launch_simulation: Time (s): cpu = 00:00:02 ; elapsed = 00:00:08 . Memory (MB): peak = 1015.047 ; gain = 0.000
close_sim
INFO: [Simtcl 6-16] Simulation closed
launch_runs impl_1 -to_step write_bitstream -jobs 20
[Mon Sep 25 17:06:02 2023] Launched synth_1...
Run output will be captured here: C:/Users/Abyss/Desktop/lab2/lab2_2/lab2_2.runs/synth_1/runme.log
[Mon Sep 25 17:06:02 2023] Launched impl_1...
Run output will be captured here: C:/Users/Abyss/Desktop/lab2/lab2_2/lab2_2.runs/impl_1/runme.log
launch_simulation
Command: launch_simulation 
INFO: [Vivado 12-5682] Launching behavioral simulation in 'C:/Users/Abyss/Desktop/lab2/lab2_2/lab2_2.sim/sim_1/behav/xsim'
INFO: [SIM-utils-51] Simulation object is 'sim_1'
INFO: [SIM-utils-54] Inspecting design source files for 'encryption6b_tb' in fileset 'sim_1'...
INFO: [USF-XSim-97] Finding global include files...
INFO: [USF-XSim-98] Fetching design files from 'sim_1'...
INFO: [USF-XSim-2] XSim::Compile design
INFO: [USF-XSim-61] Executing 'COMPILE and ANALYZE' step in 'C:/Users/Abyss/Desktop/lab2/lab2_2/lab2_2.sim/sim_1/behav/xsim'
"xvlog --incr --relax -prj encryption6b_tb_vlog.prj"
INFO: [USF-XSim-69] 'compile' step finished in '1' seconds
INFO: [USF-XSim-3] XSim::Elaborate design
INFO: [USF-XSim-61] Executing 'ELABORATE' step in 'C:/Users/Abyss/Desktop/lab2/lab2_2/lab2_2.sim/sim_1/behav/xsim'
"xelab -wto 4cd06d8a9a724ed3a3e4ac19b62d86db --incr --debug typical --relax --mt 2 -L xil_defaultlib -L unisims_ver -L unimacro_ver -L secureip --snapshot encryption6b_tb_behav xil_defaultlib.encryption6b_tb xil_defaultlib.glbl -log elaborate.log"
Vivado Simulator 2020.2
Copyright 1986-1999, 2001-2020 Xilinx, Inc. All Rights Reserved.
Running: D:/Vivado/2020.2/bin/unwrapped/win64.o/xelab.exe -wto 4cd06d8a9a724ed3a3e4ac19b62d86db --incr --debug typical --relax --mt 2 -L xil_defaultlib -L unisims_ver -L unimacro_ver -L secureip --snapshot encryption6b_tb_behav xil_defaultlib.encryption6b_tb xil_defaultlib.glbl -log elaborate.log 
Using 2 slave threads.
Starting static elaboration
Pass Through NonSizing Optimizer
Completed static elaboration
INFO: [XSIM 43-4323] No Change in HDL. Linking previously generated obj files to create kernel
INFO: [USF-XSim-69] 'elaborate' step finished in '1' seconds
INFO: [USF-XSim-4] XSim::Simulate design
INFO: [USF-XSim-61] Executing 'SIMULATE' step in 'C:/Users/Abyss/Desktop/lab2/lab2_2/lab2_2.sim/sim_1/behav/xsim'
INFO: [USF-XSim-98] *** Running xsim
   with args "encryption6b_tb_behav -key {Behavioral:sim_1:Functional:encryption6b_tb} -tclbatch {encryption6b_tb.tcl} -log {simulate.log}"
INFO: [USF-XSim-8] Loading simulator feature
Vivado Simulator 2020.2
Time resolution is 1 ps
source encryption6b_tb.tcl
# set curr_wave [current_wave_config]
# if { [string length $curr_wave] == 0 } {
#   if { [llength [get_objects]] > 0} {
#     add_wave /
#     set_property needs_save false [current_wave_config]
#   } else {
#      send_msg_id Add_Wave-1 WARNING "No top level signals found. Simulator will start without a wave window. If you want to open a wave window go to 'File->New Waveform Configuration' or type 'create_wave_config' in the TCL console."
#   }
# }
# run 1000ns
$stop called at time : 140 ns : File "C:/Users/Abyss/Desktop/lab2/encryption6b_tb.v" Line 45
INFO: [USF-XSim-96] XSim completed. Design snapshot 'encryption6b_tb_behav' loaded.
INFO: [USF-XSim-97] XSim simulation ran for 1000ns
close_sim
INFO: [Simtcl 6-16] Simulation closed
open_run impl_1
INFO: [Device 21-403] Loading part xc7a100tcsg324-3
Netlist sorting complete. Time (s): cpu = 00:00:00 ; elapsed = 00:00:00 . Memory (MB): peak = 1769.234 ; gain = 0.000
INFO: [Project 1-479] Netlist was created with Vivado 2020.2
INFO: [Project 1-570] Preparing netlist for logic optimization
INFO: [Timing 38-478] Restoring timing data from binary archive.
INFO: [Timing 38-479] Binary timing data restore complete.
INFO: [Project 1-856] Restoring constraints from binary archive.
INFO: [Project 1-853] Binary constraint restore complete.
Reading XDEF placement.
Reading placer database...
Reading XDEF routing.
Read XDEF File: Time (s): cpu = 00:00:00 ; elapsed = 00:00:00.022 . Memory (MB): peak = 2027.562 ; gain = 0.000
Restored from archive | CPU: 0.000000 secs | Memory: 0.000000 MB |
Finished XDEF File Restore: Time (s): cpu = 00:00:00 ; elapsed = 00:00:00.022 . Memory (MB): peak = 2027.562 ; gain = 0.000
Netlist sorting complete. Time (s): cpu = 00:00:00 ; elapsed = 00:00:00 . Memory (MB): peak = 2027.562 ; gain = 0.000
INFO: [Project 1-111] Unisim Transformation Summary:
No Unisim elements were transformed.

open_run: Time (s): cpu = 00:00:07 ; elapsed = 00:00:10 . Memory (MB): peak = 2173.121 ; gain = 403.887
WARNING: [Timing 38-313] There are no user specified timing constraints. Timing constraints are needed for proper timing analysis.
reset_run synth_1
launch_runs synth_1 -jobs 20
[Mon Sep 25 17:12:39 2023] Launched synth_1...
Run output will be captured here: C:/Users/Abyss/Desktop/lab2/lab2_2/lab2_2.runs/synth_1/runme.log
launch_simulation
Command: launch_simulation 
INFO: [Vivado 12-5682] Launching behavioral simulation in 'C:/Users/Abyss/Desktop/lab2/lab2_2/lab2_2.sim/sim_1/behav/xsim'
INFO: [SIM-utils-51] Simulation object is 'sim_1'
INFO: [SIM-utils-54] Inspecting design source files for 'encryption6b_tb' in fileset 'sim_1'...
INFO: [USF-XSim-97] Finding global include files...
INFO: [USF-XSim-98] Fetching design files from 'sim_1'...
INFO: [USF-XSim-2] XSim::Compile design
INFO: [USF-XSim-61] Executing 'COMPILE and ANALYZE' step in 'C:/Users/Abyss/Desktop/lab2/lab2_2/lab2_2.sim/sim_1/behav/xsim'
"xvlog --incr --relax -prj encryption6b_tb_vlog.prj"
INFO: [USF-XSim-69] 'compile' step finished in '1' seconds
INFO: [USF-XSim-3] XSim::Elaborate design
INFO: [USF-XSim-61] Executing 'ELABORATE' step in 'C:/Users/Abyss/Desktop/lab2/lab2_2/lab2_2.sim/sim_1/behav/xsim'
"xelab -wto 4cd06d8a9a724ed3a3e4ac19b62d86db --incr --debug typical --relax --mt 2 -L xil_defaultlib -L unisims_ver -L unimacro_ver -L secureip --snapshot encryption6b_tb_behav xil_defaultlib.encryption6b_tb xil_defaultlib.glbl -log elaborate.log"
Vivado Simulator 2020.2
Copyright 1986-1999, 2001-2020 Xilinx, Inc. All Rights Reserved.
Running: D:/Vivado/2020.2/bin/unwrapped/win64.o/xelab.exe -wto 4cd06d8a9a724ed3a3e4ac19b62d86db --incr --debug typical --relax --mt 2 -L xil_defaultlib -L unisims_ver -L unimacro_ver -L secureip --snapshot encryption6b_tb_behav xil_defaultlib.encryption6b_tb xil_defaultlib.glbl -log elaborate.log 
Using 2 slave threads.
Starting static elaboration
Pass Through NonSizing Optimizer
Completed static elaboration
INFO: [XSIM 43-4323] No Change in HDL. Linking previously generated obj files to create kernel
INFO: [USF-XSim-69] 'elaborate' step finished in '1' seconds
INFO: [USF-XSim-4] XSim::Simulate design
INFO: [USF-XSim-61] Executing 'SIMULATE' step in 'C:/Users/Abyss/Desktop/lab2/lab2_2/lab2_2.sim/sim_1/behav/xsim'
INFO: [USF-XSim-98] *** Running xsim
   with args "encryption6b_tb_behav -key {Behavioral:sim_1:Functional:encryption6b_tb} -tclbatch {encryption6b_tb.tcl} -log {simulate.log}"
INFO: [USF-XSim-8] Loading simulator feature
Vivado Simulator 2020.2
Time resolution is 1 ps
source encryption6b_tb.tcl
# set curr_wave [current_wave_config]
# if { [string length $curr_wave] == 0 } {
#   if { [llength [get_objects]] > 0} {
#     add_wave /
#     set_property needs_save false [current_wave_config]
#   } else {
#      send_msg_id Add_Wave-1 WARNING "No top level signals found. Simulator will start without a wave window. If you want to open a wave window go to 'File->New Waveform Configuration' or type 'create_wave_config' in the TCL console."
#   }
# }
# run 1000ns
$stop called at time : 140 ns : File "C:/Users/Abyss/Desktop/lab2/encryption6b_tb.v" Line 45
INFO: [USF-XSim-96] XSim completed. Design snapshot 'encryption6b_tb_behav' loaded.
INFO: [USF-XSim-97] XSim simulation ran for 1000ns
close_sim
INFO: [Simtcl 6-16] Simulation closed
reset_run synth_1
launch_runs impl_1 -to_step write_bitstream -jobs 20
[Mon Sep 25 17:13:55 2023] Launched synth_1...
Run output will be captured here: C:/Users/Abyss/Desktop/lab2/lab2_2/lab2_2.runs/synth_1/runme.log
[Mon Sep 25 17:13:55 2023] Launched impl_1...
Run output will be captured here: C:/Users/Abyss/Desktop/lab2/lab2_2/lab2_2.runs/impl_1/runme.log
open_hw_manager
connect_hw_server -allow_non_jtag
INFO: [Labtools 27-2285] Connecting to hw_server url TCP:localhost:3121
INFO: [Labtools 27-2222] Launching hw_server...
INFO: [Labtools 27-2221] Launch Output:

****** Xilinx hw_server v2020.2
  **** Build date : Nov 18 2020 at 10:01:48
    ** Copyright 1986-2020 Xilinx, Inc. All Rights Reserved.


INFO: [Labtools 27-3415] Connecting to cs_server url TCP:localhost:3042
INFO: [Labtools 27-3417] Launching cs_server...
INFO: [Labtools 27-2221] Launch Output:


******** Xilinx cs_server v2020.2
  ****** Build date   : Nov 04 2020-05:02:56
    **** Build number : 2020.2.1604437376
      ** Copyright 2017-2020 Xilinx, Inc. All Rights Reserved.



connect_hw_server: Time (s): cpu = 00:00:00 ; elapsed = 00:00:07 . Memory (MB): peak = 2208.930 ; gain = 0.000
open_hw_target
INFO: [Labtoolstcl 44-466] Opening hw_target localhost:3121/xilinx_tcf/Digilent/210292744490A
set_property PROGRAM.FILE {C:/Users/Abyss/Desktop/lab2/lab2_2/lab2_2.runs/impl_1/encryption6b.bit} [get_hw_devices xc7a100t_0]
current_hw_device [get_hw_devices xc7a100t_0]
refresh_hw_device -update_hw_probes false [lindex [get_hw_devices xc7a100t_0] 0]
INFO: [Labtools 27-1434] Device xc7a100t (JTAG device index = 0) is programmed with a design that has no supported debug core(s) in it.
set_property PROBES.FILE {} [get_hw_devices xc7a100t_0]
set_property FULL_PROBES.FILE {} [get_hw_devices xc7a100t_0]
set_property PROGRAM.FILE {C:/Users/Abyss/Desktop/lab2/lab2_2/lab2_2.runs/impl_1/encryption6b.bit} [get_hw_devices xc7a100t_0]
program_hw_devices [get_hw_devices xc7a100t_0]
INFO: [Labtools 27-3164] End of startup status: HIGH
refresh_hw_device [lindex [get_hw_devices xc7a100t_0] 0]
INFO: [Labtools 27-1434] Device xc7a100t (JTAG device index = 0) is programmed with a design that has no supported debug core(s) in it.
reset_run synth_1
launch_runs impl_1 -to_step write_bitstream -jobs 20
[Mon Sep 25 17:29:04 2023] Launched synth_1...
Run output will be captured here: C:/Users/Abyss/Desktop/lab2/lab2_2/lab2_2.runs/synth_1/runme.log
[Mon Sep 25 17:29:04 2023] Launched impl_1...
Run output will be captured here: C:/Users/Abyss/Desktop/lab2/lab2_2/lab2_2.runs/impl_1/runme.log
set_property PROBES.FILE {} [get_hw_devices xc7a100t_0]
set_property FULL_PROBES.FILE {} [get_hw_devices xc7a100t_0]
set_property PROGRAM.FILE {C:/Users/Abyss/Desktop/lab2/lab2_2/lab2_2.runs/impl_1/encryption6b.bit} [get_hw_devices xc7a100t_0]
program_hw_devices [get_hw_devices xc7a100t_0]
INFO: [Labtools 27-3164] End of startup status: HIGH
refresh_hw_device [lindex [get_hw_devices xc7a100t_0] 0]
INFO: [Labtools 27-1434] Device xc7a100t (JTAG device index = 0) is programmed with a design that has no supported debug core(s) in it.
close_hw_manager
reset_run impl_1 -prev_step 
launch_runs impl_1 -to_step write_bitstream -jobs 20
WARNING: [Vivado 12-872] Run step 'Design Initialization' is out-of-date.
[Mon Sep 25 18:05:23 2023] Launched impl_1...
Run output will be captured here: C:/Users/Abyss/Desktop/lab2/lab2_2/lab2_2.runs/impl_1/runme.log
open_hw_manager
connect_hw_server -allow_non_jtag
INFO: [Labtools 27-2285] Connecting to hw_server url TCP:localhost:3121
INFO: [Labtools 27-2222] Launching hw_server...
INFO: [Labtools 27-2221] Launch Output:

****** Xilinx hw_server v2020.2
  **** Build date : Nov 18 2020 at 10:01:48
    ** Copyright 1986-2020 Xilinx, Inc. All Rights Reserved.


INFO: [Labtools 27-3415] Connecting to cs_server url TCP:localhost:3042
INFO: [Labtools 27-3417] Launching cs_server...
INFO: [Labtools 27-2221] Launch Output:


******** Xilinx cs_server v2020.2
  ****** Build date   : Nov 04 2020-05:02:56
    **** Build number : 2020.2.1604437376
      ** Copyright 2017-2020 Xilinx, Inc. All Rights Reserved.



connect_hw_server: Time (s): cpu = 00:00:00 ; elapsed = 00:00:07 . Memory (MB): peak = 3780.328 ; gain = 0.000
open_hw_target
INFO: [Labtoolstcl 44-466] Opening hw_target localhost:3121/xilinx_tcf/Digilent/210292744490A
set_property PROGRAM.FILE {C:/Users/Abyss/Desktop/lab2/lab2_2/lab2_2.runs/impl_1/encryption6b.bit} [get_hw_devices xc7a100t_0]
current_hw_device [get_hw_devices xc7a100t_0]
refresh_hw_device -update_hw_probes false [lindex [get_hw_devices xc7a100t_0] 0]
INFO: [Labtools 27-1434] Device xc7a100t (JTAG device index = 0) is programmed with a design that has no supported debug core(s) in it.
set_property PROBES.FILE {} [get_hw_devices xc7a100t_0]
set_property FULL_PROBES.FILE {} [get_hw_devices xc7a100t_0]
set_property PROGRAM.FILE {C:/Users/Abyss/Desktop/lab2/lab2_2/lab2_2.runs/impl_1/encryption6b.bit} [get_hw_devices xc7a100t_0]
program_hw_devices [get_hw_devices xc7a100t_0]
INFO: [Labtools 27-3164] End of startup status: HIGH
refresh_hw_device [lindex [get_hw_devices xc7a100t_0] 0]
INFO: [Labtools 27-1434] Device xc7a100t (JTAG device index = 0) is programmed with a design that has no supported debug core(s) in it.
reset_run synth_1
launch_runs impl_1 -to_step write_bitstream -jobs 20
[Mon Sep 25 18:07:29 2023] Launched synth_1...
Run output will be captured here: C:/Users/Abyss/Desktop/lab2/lab2_2/lab2_2.runs/synth_1/runme.log
[Mon Sep 25 18:07:29 2023] Launched impl_1...
Run output will be captured here: C:/Users/Abyss/Desktop/lab2/lab2_2/lab2_2.runs/impl_1/runme.log
set_property PROBES.FILE {} [get_hw_devices xc7a100t_0]
set_property FULL_PROBES.FILE {} [get_hw_devices xc7a100t_0]
set_property PROGRAM.FILE {C:/Users/Abyss/Desktop/lab2/lab2_2/lab2_2.runs/impl_1/encryption6b.bit} [get_hw_devices xc7a100t_0]
program_hw_devices [get_hw_devices xc7a100t_0]
INFO: [Labtools 27-3164] End of startup status: HIGH
refresh_hw_device [lindex [get_hw_devices xc7a100t_0] 0]
INFO: [Labtools 27-1434] Device xc7a100t (JTAG device index = 0) is programmed with a design that has no supported debug core(s) in it.
reset_run impl_1 -prev_step 
launch_runs impl_1 -to_step write_bitstream -jobs 20
WARNING: [Vivado 12-872] Run step 'Design Initialization' is out-of-date.
[Mon Sep 25 18:13:29 2023] Launched impl_1...
Run output will be captured here: C:/Users/Abyss/Desktop/lab2/lab2_2/lab2_2.runs/impl_1/runme.log
set_property PROBES.FILE {} [get_hw_devices xc7a100t_0]
set_property FULL_PROBES.FILE {} [get_hw_devices xc7a100t_0]
set_property PROGRAM.FILE {C:/Users/Abyss/Desktop/lab2/lab2_2/lab2_2.runs/impl_1/encryption6b.bit} [get_hw_devices xc7a100t_0]
program_hw_devices [get_hw_devices xc7a100t_0]
INFO: [Labtools 27-3164] End of startup status: HIGH
refresh_hw_device [lindex [get_hw_devices xc7a100t_0] 0]
INFO: [Labtools 27-1434] Device xc7a100t (JTAG device index = 0) is programmed with a design that has no supported debug core(s) in it.
reset_run synth_1
launch_runs impl_1 -to_step write_bitstream -jobs 20
[Mon Sep 25 18:24:51 2023] Launched synth_1...
Run output will be captured here: C:/Users/Abyss/Desktop/lab2/lab2_2/lab2_2.runs/synth_1/runme.log
[Mon Sep 25 18:24:51 2023] Launched impl_1...
Run output will be captured here: C:/Users/Abyss/Desktop/lab2/lab2_2/lab2_2.runs/impl_1/runme.log
set_property PROBES.FILE {} [get_hw_devices xc7a100t_0]
set_property FULL_PROBES.FILE {} [get_hw_devices xc7a100t_0]
set_property PROGRAM.FILE {C:/Users/Abyss/Desktop/lab2/lab2_2/lab2_2.runs/impl_1/encryption6b.bit} [get_hw_devices xc7a100t_0]
program_hw_devices [get_hw_devices xc7a100t_0]
INFO: [Labtools 27-3164] End of startup status: HIGH
refresh_hw_device [lindex [get_hw_devices xc7a100t_0] 0]
INFO: [Labtools 27-1434] Device xc7a100t (JTAG device index = 0) is programmed with a design that has no supported debug core(s) in it.
reset_run synth_1
launch_runs impl_1 -to_step write_bitstream -jobs 20
[Mon Sep 25 18:27:46 2023] Launched synth_1...
Run output will be captured here: C:/Users/Abyss/Desktop/lab2/lab2_2/lab2_2.runs/synth_1/runme.log
[Mon Sep 25 18:27:46 2023] Launched impl_1...
Run output will be captured here: C:/Users/Abyss/Desktop/lab2/lab2_2/lab2_2.runs/impl_1/runme.log
set_property PROBES.FILE {} [get_hw_devices xc7a100t_0]
set_property FULL_PROBES.FILE {} [get_hw_devices xc7a100t_0]
set_property PROGRAM.FILE {C:/Users/Abyss/Desktop/lab2/lab2_2/lab2_2.runs/impl_1/encryption6b.bit} [get_hw_devices xc7a100t_0]
program_hw_devices [get_hw_devices xc7a100t_0]
INFO: [Labtools 27-3164] End of startup status: HIGH
refresh_hw_device [lindex [get_hw_devices xc7a100t_0] 0]
INFO: [Labtools 27-1434] Device xc7a100t (JTAG device index = 0) is programmed with a design that has no supported debug core(s) in it.
reset_run synth_1
launch_runs impl_1 -to_step write_bitstream -jobs 20
[Mon Sep 25 18:36:45 2023] Launched synth_1...
Run output will be captured here: C:/Users/Abyss/Desktop/lab2/lab2_2/lab2_2.runs/synth_1/runme.log
[Mon Sep 25 18:36:45 2023] Launched impl_1...
Run output will be captured here: C:/Users/Abyss/Desktop/lab2/lab2_2/lab2_2.runs/impl_1/runme.log
set_property PROBES.FILE {} [get_hw_devices xc7a100t_0]
set_property FULL_PROBES.FILE {} [get_hw_devices xc7a100t_0]
set_property PROGRAM.FILE {C:/Users/Abyss/Desktop/lab2/lab2_2/lab2_2.runs/impl_1/encryption6b.bit} [get_hw_devices xc7a100t_0]
program_hw_devices [get_hw_devices xc7a100t_0]
INFO: [Labtools 27-3164] End of startup status: HIGH
refresh_hw_device [lindex [get_hw_devices xc7a100t_0] 0]
INFO: [Labtools 27-1434] Device xc7a100t (JTAG device index = 0) is programmed with a design that has no supported debug core(s) in it.
reset_run synth_1
launch_runs impl_1 -to_step write_bitstream -jobs 20
[Mon Sep 25 18:46:59 2023] Launched synth_1...
Run output will be captured here: C:/Users/Abyss/Desktop/lab2/lab2_2/lab2_2.runs/synth_1/runme.log
[Mon Sep 25 18:46:59 2023] Launched impl_1...
Run output will be captured here: C:/Users/Abyss/Desktop/lab2/lab2_2/lab2_2.runs/impl_1/runme.log
set_property PROBES.FILE {} [get_hw_devices xc7a100t_0]
set_property FULL_PROBES.FILE {} [get_hw_devices xc7a100t_0]
set_property PROGRAM.FILE {C:/Users/Abyss/Desktop/lab2/lab2_2/lab2_2.runs/impl_1/encryption6b.bit} [get_hw_devices xc7a100t_0]
program_hw_devices [get_hw_devices xc7a100t_0]
INFO: [Labtools 27-3164] End of startup status: HIGH
refresh_hw_device [lindex [get_hw_devices xc7a100t_0] 0]
INFO: [Labtools 27-1434] Device xc7a100t (JTAG device index = 0) is programmed with a design that has no supported debug core(s) in it.
ERROR: [Labtoolstcl 44-513] HW Target shutdown. Closing target: localhost:3121/xilinx_tcf/Digilent/210292744490A
INFO: [Labtoolstcl 44-466] Opening hw_target localhost:3121/xilinx_tcf/Digilent/210292744490A
INFO: [Labtools 27-1435] Device xc7a100t (JTAG device index = 0) is not programmed (DONE status = 0).
WARNING: [Labtoolstcl 44-129] No matching hw_ila_data was found.
set_property PROBES.FILE {} [get_hw_devices xc7a100t_0]
set_property FULL_PROBES.FILE {} [get_hw_devices xc7a100t_0]
set_property PROGRAM.FILE {C:/Users/Abyss/Desktop/lab2/lab2_2/lab2_2.runs/impl_1/encryption6b.bit} [get_hw_devices xc7a100t_0]
program_hw_devices [get_hw_devices xc7a100t_0]
INFO: [Labtools 27-3164] End of startup status: HIGH
refresh_hw_device [lindex [get_hw_devices xc7a100t_0] 0]
INFO: [Labtools 27-1434] Device xc7a100t (JTAG device index = 0) is programmed with a design that has no supported debug core(s) in it.
reset_run synth_1
launch_runs impl_1 -to_step write_bitstream -jobs 20
[Mon Sep 25 19:21:39 2023] Launched synth_1...
Run output will be captured here: C:/Users/Abyss/Desktop/lab2/lab2_2/lab2_2.runs/synth_1/runme.log
[Mon Sep 25 19:21:39 2023] Launched impl_1...
Run output will be captured here: C:/Users/Abyss/Desktop/lab2/lab2_2/lab2_2.runs/impl_1/runme.log
set_property PROBES.FILE {} [get_hw_devices xc7a100t_0]
set_property FULL_PROBES.FILE {} [get_hw_devices xc7a100t_0]
set_property PROGRAM.FILE {C:/Users/Abyss/Desktop/lab2/lab2_2/lab2_2.runs/impl_1/encryption6b.bit} [get_hw_devices xc7a100t_0]
program_hw_devices [get_hw_devices xc7a100t_0]
INFO: [Labtools 27-3164] End of startup status: HIGH
refresh_hw_device [lindex [get_hw_devices xc7a100t_0] 0]
INFO: [Labtools 27-1434] Device xc7a100t (JTAG device index = 0) is programmed with a design that has no supported debug core(s) in it.
ERROR: [Labtoolstcl 44-513] HW Target shutdown. Closing target: localhost:3121/xilinx_tcf/Digilent/210292744490A
exit
INFO: [Common 17-206] Exiting Vivado at Mon Sep 25 19:24:25 2023...
