Vivado Simulator 2020.2
Copyright 1986-1999, 2001-2020 Xilinx, Inc. All Rights Reserved.
Running: D:/Vivado/2020.2/bin/unwrapped/win64.o/xelab.exe -wto 4cd06d8a9a724ed3a3e4ac19b62d86db --incr --debug typical --relax --mt 2 --maxdelay -L xil_defaultlib -L simprims_ver -L secureip --snapshot encryption6b_tb_time_impl -transport_int_delays -pulse_r 0 -pulse_int_r 0 -pulse_e 0 -pulse_int_e 0 xil_defaultlib.encryption6b_tb xil_defaultlib.glbl -log elaborate.log 
Using 2 slave threads.
Starting static elaboration
Pass Through NonSizing Optimizer
Completed static elaboration
Starting simulation data flow analysis
Completed simulation data flow analysis
INFO: [XSIM 43-3451] SDF backannotation process started with SDF file "encryption6b_tb_time_impl.sdf", for root module "encryption6b_tb/encryption6b1".
INFO: [XSIM 43-3452] SDF backannotation was successful for SDF file "encryption6b_tb_time_impl.sdf", for root module "encryption6b_tb/encryption6b1".
Time Resolution for simulation is 1ps
Compiling module simprims_ver.BUFG
Compiling module simprims_ver.IBUF
Compiling module simprims_ver.x_lut1_mux2
Compiling module simprims_ver.LUT1(INIT=2'b01)
Compiling module simprims_ver.x_lut3_mux8
Compiling module simprims_ver.LUT3
Compiling module simprims_ver.FDRE_default
Compiling module simprims_ver.OBUF
Compiling module simprims_ver.x_lut2_mux4
Compiling module simprims_ver.LUT2
Compiling module simprims_ver.FDSE_default
Compiling module simprims_ver.LUT4(INIT=16'b0110100110010110)
Compiling module xil_defaultlib.lfsr
Compiling module xil_defaultlib.encryption6b
Compiling module xil_defaultlib.encryption6b_tb
Compiling module xil_defaultlib.glbl
Built simulation snapshot encryption6b_tb_time_impl
