#-----------------------------------------------------------
# Vivado v2020.2 (64-bit)
# SW Build 3064766 on Wed Nov 18 09:12:45 MST 2020
# IP Build 3064653 on Wed Nov 18 14:17:31 MST 2020
# Start of session at: Sat Sep 23 21:10:16 2023
# Process ID: 26272
# Current directory: C:/Users/Abyss/Desktop/vivado/lab1
# Command line: vivado.exe -gui_launcher_event rodinguilauncherevent9028 C:\Users\Abyss\Desktop\vivado\lab1\lab1.xpr
# Log file: C:/Users/Abyss/Desktop/vivado/lab1/vivado.log
# Journal file: C:/Users/Abyss/Desktop/vivado/lab1\vivado.jou
#-----------------------------------------------------------
start_gui
open_project C:/Users/Abyss/Desktop/vivado/lab1/lab1.xpr
WARNING: [filemgmt 56-3] Default IP Output Path : Could not find the directory 'C:/Users/Abyss/Desktop/vivado/lab1/lab1.gen/sources_1'.
Scanning sources...
Finished scanning sources
INFO: [IP_Flow 19-234] Refreshing IP repositories
INFO: [IP_Flow 19-1704] No user IP repositories specified
INFO: [IP_Flow 19-2313] Loaded Vivado IP repository 'D:/Vivado/2020.2/data/ip'.
update_compile_order -fileset sources_1
launch_simulation
Command: launch_simulation 
INFO: [Vivado 12-5682] Launching behavioral simulation in 'C:/Users/Abyss/Desktop/vivado/lab1/lab1.sim/sim_1/behav/xsim'
INFO: [SIM-utils-51] Simulation object is 'sim_1'
INFO: [SIM-utils-54] Inspecting design source files for 'trans4to4_tb' in fileset 'sim_1'...
INFO: [USF-XSim-97] Finding global include files...
INFO: [USF-XSim-98] Fetching design files from 'sim_1'...
INFO: [USF-XSim-2] XSim::Compile design
INFO: [USF-XSim-61] Executing 'COMPILE and ANALYZE' step in 'C:/Users/Abyss/Desktop/vivado/lab1/lab1.sim/sim_1/behav/xsim'
"xvlog --incr --relax -prj trans4to4_tb_vlog.prj"
INFO: [VRFC 10-2263] Analyzing Verilog file "C:/Users/Abyss/Desktop/lab1/lab1/trans4to4.v" into library xil_defaultlib
INFO: [VRFC 10-311] analyzing module trans4to4
INFO: [VRFC 10-2263] Analyzing Verilog file "C:/Users/Abyss/Desktop/lab1/lab1/trans4to4_tb.v" into library xil_defaultlib
INFO: [VRFC 10-311] analyzing module trans4to4_tb
INFO: [VRFC 10-2263] Analyzing Verilog file "C:/Users/Abyss/Desktop/vivado/lab1/lab1.sim/sim_1/behav/xsim/glbl.v" into library xil_defaultlib
INFO: [VRFC 10-311] analyzing module glbl
INFO: [USF-XSim-69] 'compile' step finished in '1' seconds
INFO: [USF-XSim-3] XSim::Elaborate design
INFO: [USF-XSim-61] Executing 'ELABORATE' step in 'C:/Users/Abyss/Desktop/vivado/lab1/lab1.sim/sim_1/behav/xsim'
"xelab -wto 4207110a637940149a63aa0f46b8b141 --incr --debug typical --relax --mt 2 -L xil_defaultlib -L unisims_ver -L unimacro_ver -L secureip --snapshot trans4to4_tb_behav xil_defaultlib.trans4to4_tb xil_defaultlib.glbl -log elaborate.log"
Vivado Simulator 2020.2
Copyright 1986-1999, 2001-2020 Xilinx, Inc. All Rights Reserved.
Running: D:/Vivado/2020.2/bin/unwrapped/win64.o/xelab.exe -wto 4207110a637940149a63aa0f46b8b141 --incr --debug typical --relax --mt 2 -L xil_defaultlib -L unisims_ver -L unimacro_ver -L secureip --snapshot trans4to4_tb_behav xil_defaultlib.trans4to4_tb xil_defaultlib.glbl -log elaborate.log 
Using 2 slave threads.
Starting static elaboration
Pass Through NonSizing Optimizer
Completed static elaboration
Starting simulation data flow analysis
Completed simulation data flow analysis
Time Resolution for simulation is 1ps
Compiling module xil_defaultlib.trans4to4
Compiling module xil_defaultlib.trans4to4_tb
Compiling module xil_defaultlib.glbl
Built simulation snapshot trans4to4_tb_behav

****** Webtalk v2020.2 (64-bit)
  **** SW Build 3064766 on Wed Nov 18 09:12:45 MST 2020
  **** IP Build 3064653 on Wed Nov 18 14:17:31 MST 2020
    ** Copyright 1986-2020 Xilinx, Inc. All Rights Reserved.

source C:/Users/Abyss/Desktop/vivado/lab1/lab1.sim/sim_1/behav/xsim/xsim.dir/trans4to4_tb_behav/webtalk/xsim_webtalk.tcl -notrace
INFO: [Common 17-206] Exiting Webtalk at Sat Sep 23 21:23:45 2023...
INFO: [USF-XSim-69] 'elaborate' step finished in '3' seconds
INFO: [USF-XSim-4] XSim::Simulate design
INFO: [USF-XSim-61] Executing 'SIMULATE' step in 'C:/Users/Abyss/Desktop/vivado/lab1/lab1.sim/sim_1/behav/xsim'
INFO: [USF-XSim-98] *** Running xsim
   with args "trans4to4_tb_behav -key {Behavioral:sim_1:Functional:trans4to4_tb} -tclbatch {trans4to4_tb.tcl} -log {simulate.log}"
INFO: [USF-XSim-8] Loading simulator feature
Vivado Simulator 2020.2
Time resolution is 1 ps
source trans4to4_tb.tcl
# set curr_wave [current_wave_config]
# if { [string length $curr_wave] == 0 } {
#   if { [llength [get_objects]] > 0} {
#     add_wave /
#     set_property needs_save false [current_wave_config]
#   } else {
#      send_msg_id Add_Wave-1 WARNING "No top level signals found. Simulator will start without a wave window. If you want to open a wave window go to 'File->New Waveform Configuration' or type 'create_wave_config' in the TCL console."
#   }
# }
# run 1000ns
$stop called at time : 200 ns : File "C:/Users/Abyss/Desktop/lab1/lab1/trans4to4_tb.v" Line 37
INFO: [USF-XSim-96] XSim completed. Design snapshot 'trans4to4_tb_behav' loaded.
INFO: [USF-XSim-97] XSim simulation ran for 1000ns
launch_simulation: Time (s): cpu = 00:00:02 ; elapsed = 00:00:07 . Memory (MB): peak = 1016.320 ; gain = 0.000
close_sim
INFO: [Simtcl 6-16] Simulation closed
exit
INFO: [Common 17-206] Exiting Vivado at Sat Sep 23 21:32:03 2023...
