#-----------------------------------------------------------
# Vivado v2020.2 (64-bit)
# SW Build 3064766 on Wed Nov 18 09:12:45 MST 2020
# IP Build 3064653 on Wed Nov 18 14:17:31 MST 2020
# Start of session at: Sun Sep 24 21:11:25 2023
# Process ID: 23728
# Current directory: C:/Users/Abyss/Desktop/vivado/lab1_sk2
# Command line: vivado.exe -gui_launcher_event rodinguilauncherevent27212 C:\Users\Abyss\Desktop\vivado\lab1_sk2\lab1_sk2.xpr
# Log file: C:/Users/Abyss/Desktop/vivado/lab1_sk2/vivado.log
# Journal file: C:/Users/Abyss/Desktop/vivado/lab1_sk2\vivado.jou
#-----------------------------------------------------------
start_gui
open_project C:/Users/Abyss/Desktop/vivado/lab1_sk2/lab1_sk2.xpr
WARNING: [filemgmt 56-3] Default IP Output Path : Could not find the directory 'C:/Users/Abyss/Desktop/vivado/lab1_sk2/lab1_sk2.gen/sources_1'.
Scanning sources...
Finished scanning sources
INFO: [IP_Flow 19-234] Refreshing IP repositories
INFO: [IP_Flow 19-1704] No user IP repositories specified
INFO: [IP_Flow 19-2313] Loaded Vivado IP repository 'D:/Vivado/2020.2/data/ip'.
update_compile_order -fileset sources_1
launch_runs impl_1 -jobs 10
[Sun Sep 24 21:11:48 2023] Launched synth_1...
Run output will be captured here: C:/Users/Abyss/Desktop/vivado/lab1_sk2/lab1_sk2.runs/synth_1/runme.log
[Sun Sep 24 21:11:48 2023] Launched impl_1...
Run output will be captured here: C:/Users/Abyss/Desktop/vivado/lab1_sk2/lab1_sk2.runs/impl_1/runme.log
open_run impl_1
INFO: [Device 21-403] Loading part xc7a100tcsg324-3
Netlist sorting complete. Time (s): cpu = 00:00:00 ; elapsed = 00:00:00 . Memory (MB): peak = 1131.570 ; gain = 0.000
INFO: [Project 1-479] Netlist was created with Vivado 2020.2
INFO: [Project 1-570] Preparing netlist for logic optimization
Reading XDEF placement.
Reading placer database...
Reading XDEF routing.
Read XDEF File: Time (s): cpu = 00:00:00 ; elapsed = 00:00:00.022 . Memory (MB): peak = 1225.883 ; gain = 0.000
Restored from archive | CPU: 0.000000 secs | Memory: 0.000000 MB |
Finished XDEF File Restore: Time (s): cpu = 00:00:00 ; elapsed = 00:00:00.022 . Memory (MB): peak = 1225.883 ; gain = 0.000
Netlist sorting complete. Time (s): cpu = 00:00:00 ; elapsed = 00:00:00 . Memory (MB): peak = 1620.691 ; gain = 0.000
INFO: [Project 1-111] Unisim Transformation Summary:
No Unisim elements were transformed.

open_run: Time (s): cpu = 00:00:04 ; elapsed = 00:00:08 . Memory (MB): peak = 1781.059 ; gain = 764.297
WARNING: [Timing 38-313] There are no user specified timing constraints. Timing constraints are needed for proper timing analysis.
report_utilization -name utilization_1
exit
INFO: [Common 17-206] Exiting Vivado at Sun Sep 24 21:14:49 2023...
